# JRE version: 7.0_10-b12
# Java VM: Java HotSpot(TM) 64-Bit Server VM (23.6-b04 mixed mode bsd-amd64 compressed oops)
Heap
 PSYoungGen      total 19584K, used 673K [0x0000000143cc0000, 0x0000000146300000, 0x0000000159a10000)
  eden space 16832K, 4% used [0x0000000143cc0000,0x0000000143d685f0,0x0000000144d30000)
  from space 2752K, 0% used [0x0000000144fe0000,0x0000000144fe0000,0x0000000145290000)
  to   space 2752K, 0% used [0x0000000144d30000,0x0000000144d30000,0x0000000144fe0000)
 ParOldGen       total 640896K, used 603883K [0x0000000118210000, 0x000000013f3f0000, 0x0000000143cc0000)
  object space 640896K, 94% used [0x0000000118210000,0x000000013cfcad10,0x000000013f3f0000)
 PSPermGen       total 21248K, used 5369K [0x0000000113010000, 0x00000001144d0000, 0x0000000118210000)
  object space 21248K, 25% used [0x0000000113010000,0x000000011354e4b0,0x00000001144d0000)
GC Heap History (6 events):
Event: 1.563 GC heap before
{Heap before GC invocations=1 (full 0):
 PSYoungGen      total 19584K, used 4724K [0x0000000143cc0000, 0x0000000145290000, 0x0000000159a10000)
  eden space 16832K, 28% used [0x0000000143cc0000,0x000000014415d3f0,0x0000000144d30000)
  from space 2752K, 0% used [0x0000000144fe0000,0x0000000144fe0000,0x0000000145290000)
  to   space 2752K, 0% used [0x0000000144d30000,0x0000000144d30000,0x0000000144fe0000)
 ParOldGen       total 715456K, used 602816K [0x0000000118210000, 0x0000000143cc0000, 0x0000000143cc0000)
  object space 715456K, 84% used [0x0000000118210000,0x000000013cec01c0,0x0000000143cc0000)
 PSPermGen       total 21248K, used 5367K [0x0000000113010000, 0x00000001144d0000, 0x0000000118210000)
  object space 21248K, 25% used [0x0000000113010000,0x000000011354dfe8,0x00000001144d0000)
Event: 1.568 GC heap after
Heap after GC invocations=1 (full 0):
 PSYoungGen      total 19584K, used 1216K [0x0000000143cc0000, 0x0000000145290000, 0x0000000159a10000)
  eden space 16832K, 0% used [0x0000000143cc0000,0x0000000143cc0000,0x0000000144d30000)
  from space 2752K, 44% used [0x0000000144d30000,0x0000000144e60020,0x0000000144fe0000)
  to   space 2752K, 0% used [0x0000000144fe0000,0x0000000144fe0000,0x0000000145290000)
 ParOldGen       total 715456K, used 602824K [0x0000000118210000, 0x0000000143cc0000, 0x0000000143cc0000)
  object space 715456K, 84% used [0x0000000118210000,0x000000013cec21c0,0x0000000143cc0000)
 PSPermGen       total 21248K, used 5367K [0x0000000113010000, 0x00000001144d0000, 0x0000000118210000)
  object space 21248K, 25% used [0x0000000113010000,0x000000011354dfe8,0x00000001144d0000)
}
Event: 1.568 GC heap before
{Heap before GC invocations=2 (full 0):
 PSYoungGen      total 19584K, used 1216K [0x0000000143cc0000, 0x0000000145290000, 0x0000000159a10000)
  eden space 16832K, 0% used [0x0000000143cc0000,0x0000000143cc0000,0x0000000144d30000)
  from space 2752K, 44% used [0x0000000144d30000,0x0000000144e60020,0x0000000144fe0000)
  to   space 2752K, 0% used [0x0000000144fe0000,0x0000000144fe0000,0x0000000145290000)
 ParOldGen       total 715456K, used 602824K [0x0000000118210000, 0x0000000143cc0000, 0x0000000143cc0000)
  object space 715456K, 84% used [0x0000000118210000,0x000000013cec21c0,0x0000000143cc0000)
 PSPermGen       total 21248K, used 5367K [0x0000000113010000, 0x00000001144d0000, 0x0000000118210000)
  object space 21248K, 25% used [0x0000000113010000,0x000000011354dfe8,0x00000001144d0000)
Event: 1.573 GC heap after
Heap after GC invocations=2 (full 0):
 PSYoungGen      total 19584K, used 1152K [0x0000000143cc0000, 0x0000000146300000, 0x0000000159a10000)
  eden space 16832K, 0% used [0x0000000143cc0000,0x0000000143cc0000,0x0000000144d30000)
  from space 2752K, 41% used [0x0000000144fe0000,0x0000000145100000,0x0000000145290000)
  to   space 2752K, 0% used [0x0000000144d30000,0x0000000144d30000,0x0000000144fe0000)
 ParOldGen       total 715456K, used 602824K [0x0000000118210000, 0x0000000143cc0000, 0x0000000143cc0000)
  object space 715456K, 84% used [0x0000000118210000,0x000000013cec21c0,0x0000000143cc0000)
 PSPermGen       total 21248K, used 5367K [0x0000000113010000, 0x00000001144d0000, 0x0000000118210000)
  object space 21248K, 25% used [0x0000000113010000,0x000000011354dfe8,0x00000001144d0000)
}
Event: 1.573 GC heap before
{Heap before GC invocations=3 (full 1):
 PSYoungGen      total 19584K, used 1152K [0x0000000143cc0000, 0x0000000146300000, 0x0000000159a10000)
  eden space 16832K, 0% used [0x0000000143cc0000,0x0000000143cc0000,0x0000000144d30000)
  from space 2752K, 41% used [0x0000000144fe0000,0x0000000145100000,0x0000000145290000)
  to   space 2752K, 0% used [0x0000000144d30000,0x0000000144d30000,0x0000000144fe0000)
 ParOldGen       total 715456K, used 602824K [0x0000000118210000, 0x0000000143cc0000, 0x0000000143cc0000)
  object space 715456K, 84% used [0x0000000118210000,0x000000013cec21c0,0x0000000143cc0000)
 PSPermGen       total 21248K, used 5367K [0x0000000113010000, 0x00000001144d0000, 0x0000000118210000)
  object space 21248K, 25% used [0x0000000113010000,0x000000011354dfe8,0x00000001144d0000)
Event: 1.657 GC heap after
Heap after GC invocations=3 (full 1):
 PSYoungGen      total 19584K, used 0K [0x0000000143cc0000, 0x0000000146300000, 0x0000000159a10000)
  eden space 16832K, 0% used [0x0000000143cc0000,0x0000000143cc0000,0x0000000144d30000)
  from space 2752K, 0% used [0x0000000144fe0000,0x0000000144fe0000,0x0000000145290000)
  to   space 2752K, 0% used [0x0000000144d30000,0x0000000144d30000,0x0000000144fe0000)
 ParOldGen       total 339456K, used 302475K [0x0000000118210000, 0x000000012cd90000, 0x0000000143cc0000)
  object space 339456K, 89% used [0x0000000118210000,0x000000012a972c48,0x000000012cd90000)
 PSPermGen       total 21248K, used 5365K [0x0000000113010000, 0x00000001144d0000, 0x0000000118210000)
  object space 21248K, 25% used [0x0000000113010000,0x000000011354d6b0,0x00000001144d0000)
}

